Started GET "/" for 127.0.0.1 at 2018-09-14 12:50:23 -0500
Processing by Rails::WelcomeController#index as HTML
  Rendering /Users/salemabdusalam/.rvm/gems/ruby-2.5.1/gems/railties-5.2.1/lib/rails/templates/rails/welcome/index.html.erb
  Rendered /Users/salemabdusalam/.rvm/gems/ruby-2.5.1/gems/railties-5.2.1/lib/rails/templates/rails/welcome/index.html.erb (6.4ms)
Completed 200 OK in 32ms (Views: 18.7ms | ActiveRecord: 0.0ms)


Started GET "/" for 127.0.0.1 at 2018-09-14 12:50:41 -0500
Processing by Rails::WelcomeController#index as HTML
  Rendering /Users/salemabdusalam/.rvm/gems/ruby-2.5.1/gems/railties-5.2.1/lib/rails/templates/rails/welcome/index.html.erb
  Rendered /Users/salemabdusalam/.rvm/gems/ruby-2.5.1/gems/railties-5.2.1/lib/rails/templates/rails/welcome/index.html.erb (4.3ms)
Completed 200 OK in 12ms (Views: 7.8ms | ActiveRecord: 0.0ms)


Started GET "/" for 127.0.0.1 at 2018-09-14 13:05:31 -0500
Processing by Rails::WelcomeController#index as HTML
  Rendering /Users/salemabdusalam/.rvm/gems/ruby-2.5.1/gems/railties-5.2.1/lib/rails/templates/rails/welcome/index.html.erb
  Rendered /Users/salemabdusalam/.rvm/gems/ruby-2.5.1/gems/railties-5.2.1/lib/rails/templates/rails/welcome/index.html.erb (3.3ms)
Completed 200 OK in 11ms (Views: 6.4ms | ActiveRecord: 0.0ms)


Started GET "/favicon.ico" for 127.0.0.1 at 2018-09-14 13:05:37 -0500
  
ActionController::RoutingError (No route matches [GET] "/favicon.ico"):
  
actionpack (5.2.1) lib/action_dispatch/middleware/debug_exceptions.rb:65:in `call'
web-console (3.7.0) lib/web_console/middleware.rb:135:in `call_app'
web-console (3.7.0) lib/web_console/middleware.rb:30:in `block in call'
web-console (3.7.0) lib/web_console/middleware.rb:20:in `catch'
web-console (3.7.0) lib/web_console/middleware.rb:20:in `call'
actionpack (5.2.1) lib/action_dispatch/middleware/show_exceptions.rb:33:in `call'
railties (5.2.1) lib/rails/rack/logger.rb:38:in `call_app'
railties (5.2.1) lib/rails/rack/logger.rb:26:in `block in call'
activesupport (5.2.1) lib/active_support/tagged_logging.rb:71:in `block in tagged'
activesupport (5.2.1) lib/active_support/tagged_logging.rb:28:in `tagged'
activesupport (5.2.1) lib/active_support/tagged_logging.rb:71:in `tagged'
railties (5.2.1) lib/rails/rack/logger.rb:26:in `call'
sprockets-rails (3.2.1) lib/sprockets/rails/quiet_assets.rb:13:in `call'
actionpack (5.2.1) lib/action_dispatch/middleware/remote_ip.rb:81:in `call'
actionpack (5.2.1) lib/action_dispatch/middleware/request_id.rb:27:in `call'
rack (2.0.5) lib/rack/method_override.rb:22:in `call'
rack (2.0.5) lib/rack/runtime.rb:22:in `call'
activesupport (5.2.1) lib/active_support/cache/strategy/local_cache_middleware.rb:29:in `call'
actionpack (5.2.1) lib/action_dispatch/middleware/executor.rb:14:in `call'
actionpack (5.2.1) lib/action_dispatch/middleware/static.rb:127:in `call'
rack (2.0.5) lib/rack/sendfile.rb:111:in `call'
railties (5.2.1) lib/rails/engine.rb:524:in `call'
/Users/salemabdusalam/Library/Application Support/Pow/Versions/0.6.0/node_modules/nack/lib/nack/server.rb:155:in `handle'
/Users/salemabdusalam/Library/Application Support/Pow/Versions/0.6.0/node_modules/nack/lib/nack/server.rb:109:in `rescue in block (2 levels) in start'
/Users/salemabdusalam/Library/Application Support/Pow/Versions/0.6.0/node_modules/nack/lib/nack/server.rb:106:in `block (2 levels) in start'
/Users/salemabdusalam/Library/Application Support/Pow/Versions/0.6.0/node_modules/nack/lib/nack/server.rb:96:in `each'
/Users/salemabdusalam/Library/Application Support/Pow/Versions/0.6.0/node_modules/nack/lib/nack/server.rb:96:in `block in start'
/Users/salemabdusalam/Library/Application Support/Pow/Versions/0.6.0/node_modules/nack/lib/nack/server.rb:76:in `loop'
/Users/salemabdusalam/Library/Application Support/Pow/Versions/0.6.0/node_modules/nack/lib/nack/server.rb:76:in `start'
/Users/salemabdusalam/Library/Application Support/Pow/Versions/0.6.0/node_modules/nack/lib/nack/server.rb:12:in `run'
/Users/salemabdusalam/Library/Application Support/Pow/Versions/0.6.0/node_modules/nack/bin/nack_worker:4:in `<main>'
Started GET "/" for 127.0.0.1 at 2018-09-14 13:05:39 -0500
Processing by Rails::WelcomeController#index as HTML
  Rendering /Users/salemabdusalam/.rvm/gems/ruby-2.5.1/gems/railties-5.2.1/lib/rails/templates/rails/welcome/index.html.erb
  Rendered /Users/salemabdusalam/.rvm/gems/ruby-2.5.1/gems/railties-5.2.1/lib/rails/templates/rails/welcome/index.html.erb (5.0ms)
Completed 200 OK in 15ms (Views: 10.1ms | ActiveRecord: 0.0ms)


